In file included from ../ext/bson.cc:14:0:
/home/mjzitek/.node-gyp/0.11.3/deps/v8/include/v8.h: In member function ‘void v8::ReturnValue<T>::Set(uint32_t)’:
/home/mjzitek/.node-gyp/0.11.3/deps/v8/include/v8.h:5734:31: warning: typedef ‘I’ locally defined but not used [-Wunused-local-typedefs]
   typedef internal::Internals I;
                               ^
In file included from ../ext/bson.h:17:0,
                 from ../ext/bson.cc:35:
../node_modules/nan/nan.h: In function ‘v8::Local<v8::Signature> NanNew(v8::Handle<v8::FunctionTemplate>, int, v8::Handle<v8::FunctionTemplate>*)’:
../node_modules/nan/nan.h:337:64: error: no matching function for call to ‘v8::Signature::New(v8::Isolate*&, v8::Handle<v8::FunctionTemplate>&, int&, v8::Handle<v8::FunctionTemplate>*&)’
     return v8::Signature::New(nan_isolate, receiver, argc, argv);
                                                                ^
../node_modules/nan/nan.h:337:64: note: candidate is:
In file included from ../ext/bson.cc:14:0:
/home/mjzitek/.node-gyp/0.11.3/deps/v8/include/v8.h:3499:27: note: static v8::Local<v8::Signature> v8::Signature::New(v8::Handle<v8::FunctionTemplate>, int, v8::Handle<v8::FunctionTemplate>*)
   static Local<Signature> New(Handle<FunctionTemplate> receiver =
                           ^
/home/mjzitek/.node-gyp/0.11.3/deps/v8/include/v8.h:3499:27: note:   candidate expects 3 arguments, 4 provided
In file included from ../ext/bson.h:17:0,
                 from ../ext/bson.cc:35:
../node_modules/nan/nan.h: In function ‘v8::Local<T> NanNew() [with T = v8::Array]’:
../node_modules/nan/nan.h:365:38: error: invalid conversion from ‘v8::Isolate*’ to ‘int’ [-fpermissive]
     return v8::Array::New(nan_isolate);
                                      ^
In file included from ../ext/bson.cc:14:0:
/home/mjzitek/.node-gyp/0.11.3/deps/v8/include/v8.h:2325:23: error:   initializing argument 1 of ‘static v8::Local<v8::Array> v8::Array::New(int)’ [-fpermissive]
   static Local<Array> New(int length = 0);
                       ^
In file included from ../ext/bson.h:17:0,
                 from ../ext/bson.cc:35:
../node_modules/nan/nan.h: In function ‘v8::Local<T> NanNew(P) [with T = v8::Array; P = int]’:
../node_modules/nan/nan.h:370:46: error: no matching function for call to ‘v8::Array::New(v8::Isolate*&, int&)’
     return v8::Array::New(nan_isolate, length);
                                              ^
../node_modules/nan/nan.h:370:46: note: candidate is:
In file included from ../ext/bson.cc:14:0:
/home/mjzitek/.node-gyp/0.11.3/deps/v8/include/v8.h:2325:23: note: static v8::Local<v8::Array> v8::Array::New(int)
   static Local<Array> New(int length = 0);
                       ^
/home/mjzitek/.node-gyp/0.11.3/deps/v8/include/v8.h:2325:23: note:   candidate expects 1 argument, 2 provided
In file included from ../ext/bson.h:17:0,
                 from ../ext/bson.cc:35:
../node_modules/nan/nan.h: In function ‘v8::Local<T> NanNew(P) [with T = v8::Date; P = double]’:
../node_modules/nan/nan.h:375:43: error: no matching function for call to ‘v8::Date::New(v8::Isolate*&, double&)’
     return v8::Date::New(nan_isolate, time).As<v8::Date>();
                                           ^
../node_modules/nan/nan.h:375:43: note: candidate is:
In file included from ../ext/bson.cc:14:0:
/home/mjzitek/.node-gyp/0.11.3/deps/v8/include/v8.h:2670:23: note: static v8::Local<v8::Value> v8::Date::New(double)
   static Local<Value> New(double time);
                       ^
/home/mjzitek/.node-gyp/0.11.3/deps/v8/include/v8.h:2670:23: note:   candidate expects 1 argument, 2 provided
In file included from ../ext/bson.h:17:0,
                 from ../ext/bson.cc:35:
../node_modules/nan/nan.h:375:56: error: expected primary-expression before ‘>’ token
     return v8::Date::New(nan_isolate, time).As<v8::Date>();
                                                        ^
../node_modules/nan/nan.h:375:58: error: expected primary-expression before ‘)’ token
     return v8::Date::New(nan_isolate, time).As<v8::Date>();
                                                          ^
../node_modules/nan/nan.h: In function ‘v8::Local<T> NanNew(P) [with T = v8::Date; P = int]’:
../node_modules/nan/nan.h:380:43: error: no matching function for call to ‘v8::Date::New(v8::Isolate*&, int&)’
     return v8::Date::New(nan_isolate, time).As<v8::Date>();
                                           ^
../node_modules/nan/nan.h:380:43: note: candidate is:
In file included from ../ext/bson.cc:14:0:
/home/mjzitek/.node-gyp/0.11.3/deps/v8/include/v8.h:2670:23: note: static v8::Local<v8::Value> v8::Date::New(double)
   static Local<Value> New(double time);
                       ^
/home/mjzitek/.node-gyp/0.11.3/deps/v8/include/v8.h:2670:23: note:   candidate expects 1 argument, 2 provided
In file included from ../ext/bson.h:17:0,
                 from ../ext/bson.cc:35:
../node_modules/nan/nan.h:380:56: error: expected primary-expression before ‘>’ token
     return v8::Date::New(nan_isolate, time).As<v8::Date>();
                                                        ^
../node_modules/nan/nan.h:380:58: error: expected primary-expression before ‘)’ token
     return v8::Date::New(nan_isolate, time).As<v8::Date>();
                                                          ^
../node_modules/nan/nan.h: At global scope:
../node_modules/nan/nan.h:383:11: error: ‘UnboundScript’ in namespace ‘v8’ does not name a type
   typedef v8::UnboundScript NanUnboundScript;
           ^
../node_modules/nan/nan.h: In function ‘v8::Local<T> NanNew(P, const v8::ScriptOrigin&)’:
../node_modules/nan/nan.h:391:9: error: ‘v8::ScriptCompiler’ has not been declared
     v8::ScriptCompiler::Source source(s, origin);
         ^
../node_modules/nan/nan.h:391:32: error: expected ‘;’ before ‘source’
     v8::ScriptCompiler::Source source(s, origin);
                                ^
../node_modules/nan/nan.h:392:16: error: ‘v8::ScriptCompiler’ has not been declared
     return v8::ScriptCompiler::CompileUnbound(nan_isolate, &source);
                ^
../node_modules/nan/nan.h:392:61: error: ‘source’ was not declared in this scope
     return v8::ScriptCompiler::CompileUnbound(nan_isolate, &source);
                                                             ^
../node_modules/nan/nan.h: At global scope:
../node_modules/nan/nan.h:396:24: error: ‘NanUnboundScript’ was not declared in this scope
   NAN_INLINE v8::Local<NanUnboundScript> NanNew<NanUnboundScript>(
                        ^
../node_modules/nan/nan.h:396:40: error: template argument 1 is invalid
   NAN_INLINE v8::Local<NanUnboundScript> NanNew<NanUnboundScript>(
                                        ^
../node_modules/nan/nan.h:396:49: error: ‘NanUnboundScript’ was not declared in this scope
   NAN_INLINE v8::Local<NanUnboundScript> NanNew<NanUnboundScript>(
                                                 ^
../node_modules/nan/nan.h:396:42: error: template-id ‘NanNew<<expression error> >’ for ‘int NanNew(v8::Local<v8::String>)’ does not match any template declaration
   NAN_INLINE v8::Local<NanUnboundScript> NanNew<NanUnboundScript>(
                                          ^
../node_modules/nan/nan.h: In function ‘v8::Local<v8::String> NanNew(v8::String::ExternalStringResource*)’:
../node_modules/nan/nan.h:405:57: error: no matching function for call to ‘v8::String::NewExternal(v8::Isolate*&, v8::String::ExternalStringResource*&)’
     return v8::String::NewExternal(nan_isolate, resource);
                                                         ^
../node_modules/nan/nan.h:405:57: note: candidates are:
In file included from ../ext/bson.cc:14:0:
/home/mjzitek/.node-gyp/0.11.3/deps/v8/include/v8.h:1771:24: note: static v8::Local<v8::String> v8::String::NewExternal(v8::String::ExternalStringResource*)
   static Local<String> NewExternal(ExternalStringResource* resource);
                        ^
/home/mjzitek/.node-gyp/0.11.3/deps/v8/include/v8.h:1771:24: note:   candidate expects 1 argument, 2 provided
/home/mjzitek/.node-gyp/0.11.3/deps/v8/include/v8.h:1792:24: note: static v8::Local<v8::String> v8::String::NewExternal(v8::String::ExternalAsciiStringResource*)
   static Local<String> NewExternal(ExternalAsciiStringResource* resource);
                        ^
/home/mjzitek/.node-gyp/0.11.3/deps/v8/include/v8.h:1792:24: note:   candidate expects 1 argument, 2 provided
In file included from ../ext/bson.h:17:0,
                 from ../ext/bson.cc:35:
../node_modules/nan/nan.h: In function ‘v8::Local<v8::String> NanNew(v8::String::ExternalAsciiStringResource*)’:
../node_modules/nan/nan.h:410:57: error: no matching function for call to ‘v8::String::NewExternal(v8::Isolate*&, v8::String::ExternalAsciiStringResource*&)’
     return v8::String::NewExternal(nan_isolate, resource);
                                                         ^
../node_modules/nan/nan.h:410:57: note: candidates are:
In file included from ../ext/bson.cc:14:0:
/home/mjzitek/.node-gyp/0.11.3/deps/v8/include/v8.h:1771:24: note: static v8::Local<v8::String> v8::String::NewExternal(v8::String::ExternalStringResource*)
   static Local<String> NewExternal(ExternalStringResource* resource);
                        ^
/home/mjzitek/.node-gyp/0.11.3/deps/v8/include/v8.h:1771:24: note:   candidate expects 1 argument, 2 provided
/home/mjzitek/.node-gyp/0.11.3/deps/v8/include/v8.h:1792:24: note: static v8::Local<v8::String> v8::String::NewExternal(v8::String::ExternalAsciiStringResource*)
   static Local<String> NewExternal(ExternalAsciiStringResource* resource);
                        ^
/home/mjzitek/.node-gyp/0.11.3/deps/v8/include/v8.h:1792:24: note:   candidate expects 1 argument, 2 provided
In file included from ../ext/bson.h:17:0,
                 from ../ext/bson.cc:35:
../node_modules/nan/nan.h: In function ‘v8::Local<T> NanNew(P) [with T = v8::NumberObject; P = double]’:
../node_modules/nan/nan.h:434:50: error: no matching function for call to ‘v8::NumberObject::New(v8::Isolate*&, double&)’
     return v8::NumberObject::New(nan_isolate, val).As<v8::NumberObject>();
                                                  ^
../node_modules/nan/nan.h:434:50: note: candidate is:
In file included from ../ext/bson.cc:14:0:
/home/mjzitek/.node-gyp/0.11.3/deps/v8/include/v8.h:2704:23: note: static v8::Local<v8::Value> v8::NumberObject::New(double)
   static Local<Value> New(double value);
                       ^
/home/mjzitek/.node-gyp/0.11.3/deps/v8/include/v8.h:2704:23: note:   candidate expects 1 argument, 2 provided
In file included from ../ext/bson.h:17:0,
                 from ../ext/bson.cc:35:
../node_modules/nan/nan.h:434:71: error: expected primary-expression before ‘>’ token
     return v8::NumberObject::New(nan_isolate, val).As<v8::NumberObject>();
                                                                       ^
../node_modules/nan/nan.h:434:73: error: expected primary-expression before ‘)’ token
     return v8::NumberObject::New(nan_isolate, val).As<v8::NumberObject>();
                                                                         ^
../node_modules/nan/nan.h: In function ‘v8::Local<T> NanNew(P) [with T = v8::Uint32; P = int]’:
../node_modules/nan/nan.h:463:56: error: invalid conversion from ‘v8::Isolate*’ to ‘uint32_t {aka unsigned int}’ [-fpermissive]
     return v8::Uint32::NewFromUnsigned(nan_isolate, val)->ToUint32();
                                                        ^
In file included from ../ext/bson.cc:14:0:
/home/mjzitek/.node-gyp/0.11.3/deps/v8/include/v8.h:1943:25: error:   initializing argument 1 of ‘static v8::Local<v8::Integer> v8::Integer::NewFromUnsigned(uint32_t, v8::Isolate*)’ [-fpermissive]
   static Local<Integer> NewFromUnsigned(uint32_t value, Isolate*);
                         ^
In file included from ../ext/bson.h:17:0,
                 from ../ext/bson.cc:35:
../node_modules/nan/nan.h:463:56: error: invalid conversion from ‘int32_t {aka int}’ to ‘v8::Isolate*’ [-fpermissive]
     return v8::Uint32::NewFromUnsigned(nan_isolate, val)->ToUint32();
                                                        ^
In file included from ../ext/bson.cc:14:0:
/home/mjzitek/.node-gyp/0.11.3/deps/v8/include/v8.h:1943:25: error:   initializing argument 2 of ‘static v8::Local<v8::Integer> v8::Integer::NewFromUnsigned(uint32_t, v8::Isolate*)’ [-fpermissive]
   static Local<Integer> NewFromUnsigned(uint32_t value, Isolate*);
                         ^
In file included from ../ext/bson.h:17:0,
                 from ../ext/bson.cc:35:
../node_modules/nan/nan.h: In function ‘v8::Local<T> NanNew(P) [with T = v8::Uint32; P = unsigned int]’:
../node_modules/nan/nan.h:468:56: error: invalid conversion from ‘v8::Isolate*’ to ‘uint32_t {aka unsigned int}’ [-fpermissive]
     return v8::Uint32::NewFromUnsigned(nan_isolate, val)->ToUint32();
                                                        ^
In file included from ../ext/bson.cc:14:0:
/home/mjzitek/.node-gyp/0.11.3/deps/v8/include/v8.h:1943:25: error:   initializing argument 1 of ‘static v8::Local<v8::Integer> v8::Integer::NewFromUnsigned(uint32_t, v8::Isolate*)’ [-fpermissive]
   static Local<Integer> NewFromUnsigned(uint32_t value, Isolate*);
                         ^
In file included from ../ext/bson.h:17:0,
                 from ../ext/bson.cc:35:
../node_modules/nan/nan.h:468:56: error: invalid conversion from ‘uint32_t {aka unsigned int}’ to ‘v8::Isolate*’ [-fpermissive]
     return v8::Uint32::NewFromUnsigned(nan_isolate, val)->ToUint32();
                                                        ^
In file included from ../ext/bson.cc:14:0:
/home/mjzitek/.node-gyp/0.11.3/deps/v8/include/v8.h:1943:25: error:   initializing argument 2 of ‘static v8::Local<v8::Integer> v8::Integer::NewFromUnsigned(uint32_t, v8::Isolate*)’ [-fpermissive]
   static Local<Integer> NewFromUnsigned(uint32_t value, Isolate*);
                         ^
In file included from ../ext/bson.h:17:0,
                 from ../ext/bson.cc:35:
../node_modules/nan/nan.h: In function ‘v8::Local<T> NanNew(P) [with T = v8::Int32; P = int]’:
../node_modules/nan/nan.h:473:43: error: invalid conversion from ‘v8::Isolate*’ to ‘int32_t {aka int}’ [-fpermissive]
     return v8::Int32::New(nan_isolate, val)->ToInt32();
                                           ^
In file included from ../ext/bson.cc:14:0:
/home/mjzitek/.node-gyp/0.11.3/deps/v8/include/v8.h:1942:25: error:   initializing argument 1 of ‘static v8::Local<v8::Integer> v8::Integer::New(int32_t, v8::Isolate*)’ [-fpermissive]
   static Local<Integer> New(int32_t value, Isolate*);
                         ^
In file included from ../ext/bson.h:17:0,
                 from ../ext/bson.cc:35:
../node_modules/nan/nan.h:473:43: error: invalid conversion from ‘int32_t {aka int}’ to ‘v8::Isolate*’ [-fpermissive]
     return v8::Int32::New(nan_isolate, val)->ToInt32();
                                           ^
In file included from ../ext/bson.cc:14:0:
/home/mjzitek/.node-gyp/0.11.3/deps/v8/include/v8.h:1942:25: error:   initializing argument 2 of ‘static v8::Local<v8::Integer> v8::Integer::New(int32_t, v8::Isolate*)’ [-fpermissive]
   static Local<Integer> New(int32_t value, Isolate*);
                         ^
In file included from ../ext/bson.h:17:0,
                 from ../ext/bson.cc:35:
../node_modules/nan/nan.h: In function ‘v8::Local<T> NanNew(P) [with T = v8::Int32; P = unsigned int]’:
../node_modules/nan/nan.h:478:43: error: invalid conversion from ‘v8::Isolate*’ to ‘int32_t {aka int}’ [-fpermissive]
     return v8::Int32::New(nan_isolate, val)->ToInt32();
                                           ^
In file included from ../ext/bson.cc:14:0:
/home/mjzitek/.node-gyp/0.11.3/deps/v8/include/v8.h:1942:25: error:   initializing argument 1 of ‘static v8::Local<v8::Integer> v8::Integer::New(int32_t, v8::Isolate*)’ [-fpermissive]
   static Local<Integer> New(int32_t value, Isolate*);
                         ^
In file included from ../ext/bson.h:17:0,
                 from ../ext/bson.cc:35:
../node_modules/nan/nan.h:478:43: error: invalid conversion from ‘uint32_t {aka unsigned int}’ to ‘v8::Isolate*’ [-fpermissive]
     return v8::Int32::New(nan_isolate, val)->ToInt32();
                                           ^
In file included from ../ext/bson.cc:14:0:
/home/mjzitek/.node-gyp/0.11.3/deps/v8/include/v8.h:1942:25: error:   initializing argument 2 of ‘static v8::Local<v8::Integer> v8::Integer::New(int32_t, v8::Isolate*)’ [-fpermissive]
   static Local<Integer> New(int32_t value, Isolate*);
                         ^
In file included from ../ext/bson.h:17:0,
                 from ../ext/bson.cc:35:
../node_modules/nan/nan.h: At global scope:
../node_modules/nan/nan.h:586:20: error: variable or field ‘NanAddGCEpilogueCallback’ declared void
       v8::Isolate::GCEpilogueCallback callback
                    ^
../node_modules/nan/nan.h:586:7: error: ‘GCEpilogueCallback’ is not a member of ‘v8::Isolate’
       v8::Isolate::GCEpilogueCallback callback
       ^
../node_modules/nan/nan.h:587:18: error: expected primary-expression before ‘gc_type_filter’
     , v8::GCType gc_type_filter = v8::kGCTypeAll) {
                  ^
../node_modules/nan/nan.h:592:20: error: variable or field ‘NanRemoveGCEpilogueCallback’ declared void
       v8::Isolate::GCEpilogueCallback callback) {
                    ^
../node_modules/nan/nan.h:592:7: error: ‘GCEpilogueCallback’ is not a member of ‘v8::Isolate’
       v8::Isolate::GCEpilogueCallback callback) {
       ^
../node_modules/nan/nan.h:597:20: error: variable or field ‘NanAddGCPrologueCallback’ declared void
       v8::Isolate::GCPrologueCallback callback
                    ^
../node_modules/nan/nan.h:597:7: error: ‘GCPrologueCallback’ is not a member of ‘v8::Isolate’
       v8::Isolate::GCPrologueCallback callback
       ^
../node_modules/nan/nan.h:598:18: error: expected primary-expression before ‘gc_type_filter’
     , v8::GCType gc_type_filter = v8::kGCTypeAll) {
                  ^
../node_modules/nan/nan.h:603:20: error: variable or field ‘NanRemoveGCPrologueCallback’ declared void
       v8::Isolate::GCPrologueCallback callback) {
                    ^
../node_modules/nan/nan.h:603:7: error: ‘GCPrologueCallback’ is not a member of ‘v8::Isolate’
       v8::Isolate::GCPrologueCallback callback) {
       ^
../node_modules/nan/nan.h:631:13: error: ‘WeakCallbackData’ in namespace ‘v8’ does not name a type
       const v8::WeakCallbackData<T, _NanWeakCallbackInfo<T, P> >& data);
             ^
../node_modules/nan/nan.h:631:17: error: ISO C++ forbids declaration of ‘parameter’ with no type [-fpermissive]
       const v8::WeakCallbackData<T, _NanWeakCallbackInfo<T, P> >& data);
                 ^
../node_modules/nan/nan.h:631:33: error: expected ‘,’ or ‘...’ before ‘<’ token
       const v8::WeakCallbackData<T, _NanWeakCallbackInfo<T, P> >& data);
                                 ^
../node_modules/nan/nan.h: In function ‘void NanThrowError(const char*)’:
../node_modules/nan/nan.h:709:20: error: ‘class v8::Isolate’ has no member named ‘ThrowException’
       nan_isolate->ThrowException(_NAN_ERROR(fun, errmsg));                    \
                    ^
../node_modules/nan/nan.h:717:5: note: in expansion of macro ‘_NAN_THROW_ERROR’
     _NAN_THROW_ERROR(v8::Exception::Error, errmsg);
     ^
../node_modules/nan/nan.h: In function ‘void NanThrowError(v8::Handle<v8::Value>)’:
../node_modules/nan/nan.h:722:18: error: ‘class v8::Isolate’ has no member named ‘ThrowException’
     nan_isolate->ThrowException(error);
                  ^
../node_modules/nan/nan.h: In function ‘void NanThrowTypeError(const char*)’:
../node_modules/nan/nan.h:709:20: error: ‘class v8::Isolate’ has no member named ‘ThrowException’
       nan_isolate->ThrowException(_NAN_ERROR(fun, errmsg));                    \
                    ^
../node_modules/nan/nan.h:747:5: note: in expansion of macro ‘_NAN_THROW_ERROR’
     _NAN_THROW_ERROR(v8::Exception::TypeError, errmsg);
     ^
../node_modules/nan/nan.h: In function ‘void NanThrowRangeError(const char*)’:
../node_modules/nan/nan.h:709:20: error: ‘class v8::Isolate’ has no member named ‘ThrowException’
       nan_isolate->ThrowException(_NAN_ERROR(fun, errmsg));                    \
                    ^
../node_modules/nan/nan.h:755:5: note: in expansion of macro ‘_NAN_THROW_ERROR’
     _NAN_THROW_ERROR(v8::Exception::RangeError, errmsg);
     ^
../node_modules/nan/nan.h: In function ‘v8::Local<v8::Object> NanNewBufferHandle(char*, size_t, node::smalloc::FreeCallback, void*)’:
../node_modules/nan/nan.h:770:71: error: no matching function for call to ‘New(v8::Isolate*&, char*&, size_t&, void (*&)(char*, void*), void*&)’
     return node::Buffer::New(nan_isolate, data, length, callback, hint);
                                                                       ^
../node_modules/nan/nan.h:770:71: note: candidates are:
In file included from ../ext/bson.cc:24:0:
/home/mjzitek/.node-gyp/0.11.3/src/node_buffer.h:43:35: note: v8::Local<v8::Object> node::Buffer::New(size_t)
 NODE_EXTERN v8::Local<v8::Object> New(size_t length);
                                   ^
/home/mjzitek/.node-gyp/0.11.3/src/node_buffer.h:43:35: note:   candidate expects 1 argument, 5 provided
/home/mjzitek/.node-gyp/0.11.3/src/node_buffer.h:45:35: note: v8::Local<v8::Object> node::Buffer::New(v8::Handle<v8::String>, node::encoding)
 NODE_EXTERN v8::Local<v8::Object> New(v8::Handle<v8::String> string,
                                   ^
/home/mjzitek/.node-gyp/0.11.3/src/node_buffer.h:45:35: note:   candidate expects 2 arguments, 5 provided
/home/mjzitek/.node-gyp/0.11.3/src/node_buffer.h:49:35: note: v8::Local<v8::Object> node::Buffer::New(const char*, size_t)
 NODE_EXTERN v8::Local<v8::Object> New(const char* data, size_t len);
                                   ^
/home/mjzitek/.node-gyp/0.11.3/src/node_buffer.h:49:35: note:   candidate expects 2 arguments, 5 provided
/home/mjzitek/.node-gyp/0.11.3/src/node_buffer.h:51:35: note: v8::Local<v8::Object> node::Buffer::New(char*, size_t, node::smalloc::FreeCallback, void*)
 NODE_EXTERN v8::Local<v8::Object> New(char* data,
                                   ^
/home/mjzitek/.node-gyp/0.11.3/src/node_buffer.h:51:35: note:   candidate expects 4 arguments, 5 provided
In file included from ../ext/bson.h:17:0,
                 from ../ext/bson.cc:35:
../node_modules/nan/nan.h: In function ‘v8::Local<v8::Object> NanNewBufferHandle(const char*, uint32_t)’:
../node_modules/nan/nan.h:777:53: error: no matching function for call to ‘New(v8::Isolate*&, const char*&, uint32_t&)’
     return node::Buffer::New(nan_isolate, data, size);
                                                     ^
../node_modules/nan/nan.h:777:53: note: candidates are:
In file included from ../ext/bson.cc:24:0:
/home/mjzitek/.node-gyp/0.11.3/src/node_buffer.h:43:35: note: v8::Local<v8::Object> node::Buffer::New(size_t)
 NODE_EXTERN v8::Local<v8::Object> New(size_t length);
                                   ^
/home/mjzitek/.node-gyp/0.11.3/src/node_buffer.h:43:35: note:   candidate expects 1 argument, 3 provided
/home/mjzitek/.node-gyp/0.11.3/src/node_buffer.h:45:35: note: v8::Local<v8::Object> node::Buffer::New(v8::Handle<v8::String>, node::encoding)
 NODE_EXTERN v8::Local<v8::Object> New(v8::Handle<v8::String> string,
                                   ^
/home/mjzitek/.node-gyp/0.11.3/src/node_buffer.h:45:35: note:   candidate expects 2 arguments, 3 provided
/home/mjzitek/.node-gyp/0.11.3/src/node_buffer.h:49:35: note: v8::Local<v8::Object> node::Buffer::New(const char*, size_t)
 NODE_EXTERN v8::Local<v8::Object> New(const char* data, size_t len);
                                   ^
/home/mjzitek/.node-gyp/0.11.3/src/node_buffer.h:49:35: note:   candidate expects 2 arguments, 3 provided
/home/mjzitek/.node-gyp/0.11.3/src/node_buffer.h:51:35: note: v8::Local<v8::Object> node::Buffer::New(char*, size_t, node::smalloc::FreeCallback, void*)
 NODE_EXTERN v8::Local<v8::Object> New(char* data,
                                   ^
/home/mjzitek/.node-gyp/0.11.3/src/node_buffer.h:51:35: note:   candidate expects 4 arguments, 3 provided
In file included from ../ext/bson.h:17:0,
                 from ../ext/bson.cc:35:
../node_modules/nan/nan.h: In function ‘v8::Local<v8::Object> NanNewBufferHandle(uint32_t)’:
../node_modules/nan/nan.h:781:47: error: no matching function for call to ‘New(v8::Isolate*&, uint32_t&)’
     return node::Buffer::New(nan_isolate, size);
                                               ^
../node_modules/nan/nan.h:781:47: note: candidates are:
In file included from ../ext/bson.cc:24:0:
/home/mjzitek/.node-gyp/0.11.3/src/node_buffer.h:43:35: note: v8::Local<v8::Object> node::Buffer::New(size_t)
 NODE_EXTERN v8::Local<v8::Object> New(size_t length);
                                   ^
/home/mjzitek/.node-gyp/0.11.3/src/node_buffer.h:43:35: note:   candidate expects 1 argument, 2 provided
/home/mjzitek/.node-gyp/0.11.3/src/node_buffer.h:45:35: note: v8::Local<v8::Object> node::Buffer::New(v8::Handle<v8::String>, node::encoding)
 NODE_EXTERN v8::Local<v8::Object> New(v8::Handle<v8::String> string,
                                   ^
/home/mjzitek/.node-gyp/0.11.3/src/node_buffer.h:45:35: note:   no known conversion for argument 1 from ‘v8::Isolate*’ to ‘v8::Handle<v8::String>’
/home/mjzitek/.node-gyp/0.11.3/src/node_buffer.h:49:35: note: v8::Local<v8::Object> node::Buffer::New(const char*, size_t)
 NODE_EXTERN v8::Local<v8::Object> New(const char* data, size_t len);
                                   ^
/home/mjzitek/.node-gyp/0.11.3/src/node_buffer.h:49:35: note:   no known conversion for argument 1 from ‘v8::Isolate*’ to ‘const char*’
/home/mjzitek/.node-gyp/0.11.3/src/node_buffer.h:51:35: note: v8::Local<v8::Object> node::Buffer::New(char*, size_t, node::smalloc::FreeCallback, void*)
 NODE_EXTERN v8::Local<v8::Object> New(char* data,
                                   ^
/home/mjzitek/.node-gyp/0.11.3/src/node_buffer.h:51:35: note:   candidate expects 4 arguments, 2 provided
In file included from ../ext/bson.h:17:0,
                 from ../ext/bson.cc:35:
../node_modules/nan/nan.h: In function ‘v8::Local<v8::Object> NanBufferUse(char*, uint32_t)’:
../node_modules/nan/nan.h:788:53: error: cannot convert ‘v8::Isolate*’ to ‘char*’ for argument ‘1’ to ‘v8::Local<v8::Object> node::Buffer::Use(char*, uint32_t)’
     return node::Buffer::Use(nan_isolate, data, size);
                                                     ^
../node_modules/nan/nan.h: In function ‘v8::Local<v8::Script> NanCompileScript(v8::Local<v8::String>, const v8::ScriptOrigin&)’:
../node_modules/nan/nan.h:813:9: error: ‘v8::ScriptCompiler’ has not been declared
     v8::ScriptCompiler::Source source(s, origin);
         ^
../node_modules/nan/nan.h:813:32: error: expected ‘;’ before ‘source’
     v8::ScriptCompiler::Source source(s, origin);
                                ^
../node_modules/nan/nan.h:814:16: error: ‘v8::ScriptCompiler’ has not been declared
     return v8::ScriptCompiler::Compile(nan_isolate, &source);
                ^
../node_modules/nan/nan.h:814:54: error: ‘source’ was not declared in this scope
     return v8::ScriptCompiler::Compile(nan_isolate, &source);
                                                      ^
../node_modules/nan/nan.h: In function ‘v8::Local<v8::Script> NanCompileScript(v8::Local<v8::String>)’:
../node_modules/nan/nan.h:820:9: error: ‘v8::ScriptCompiler’ has not been declared
     v8::ScriptCompiler::Source source(s);
         ^
../node_modules/nan/nan.h:820:32: error: expected ‘;’ before ‘source’
     v8::ScriptCompiler::Source source(s);
                                ^
../node_modules/nan/nan.h:821:16: error: ‘v8::ScriptCompiler’ has not been declared
     return v8::ScriptCompiler::Compile(nan_isolate, &source);
                ^
../node_modules/nan/nan.h:821:54: error: ‘source’ was not declared in this scope
     return v8::ScriptCompiler::Compile(nan_isolate, &source);
                                                      ^
../node_modules/nan/nan.h: At global scope:
../node_modules/nan/nan.h:825:17: error: ‘NanUnboundScript’ was not declared in this scope
       v8::Local<NanUnboundScript> script
                 ^
../node_modules/nan/nan.h:825:33: error: template argument 1 is invalid
       v8::Local<NanUnboundScript> script
                                 ^
../node_modules/nan/nan.h: In function ‘v8::Local<v8::Value> NanRunScript(int)’:
../node_modules/nan/nan.h:827:18: error: base operand of ‘->’ is not a pointer
     return script->BindToCurrentContext()->Run();
                  ^
../node_modules/nan/nan.h: In member function ‘void NanCallback::Call(int, v8::Handle<v8::Value>*)’:
../node_modules/nan/nan.h:1476:5: error: no matching function for call to ‘MakeCallback(v8::Isolate*&, v8::Local<v8::Object>, v8::Local<v8::Function>&, int&, v8::Handle<v8::Value>*&)’
     );
     ^
../node_modules/nan/nan.h:1476:5: note: candidates are:
In file included from ../ext/bson.cc:22:0:
/home/mjzitek/.node-gyp/0.11.3/src/node.h:244:1: note: v8::Handle<v8::Value> node::MakeCallback(v8::Handle<v8::Object>, const char*, int, v8::Handle<v8::Value>*)
 MakeCallback(const v8::Handle<v8::Object> object,
 ^
/home/mjzitek/.node-gyp/0.11.3/src/node.h:244:1: note:   candidate expects 4 arguments, 5 provided
/home/mjzitek/.node-gyp/0.11.3/src/node.h:250:1: note: v8::Handle<v8::Value> node::MakeCallback(v8::Handle<v8::Object>, v8::Handle<v8::String>, int, v8::Handle<v8::Value>*)
 MakeCallback(const v8::Handle<v8::Object> object,
 ^
/home/mjzitek/.node-gyp/0.11.3/src/node.h:250:1: note:   candidate expects 4 arguments, 5 provided
/home/mjzitek/.node-gyp/0.11.3/src/node.h:256:1: note: v8::Handle<v8::Value> node::MakeCallback(v8::Handle<v8::Object>, v8::Handle<v8::Function>, int, v8::Handle<v8::Value>*)
 MakeCallback(const v8::Handle<v8::Object> object,
 ^
/home/mjzitek/.node-gyp/0.11.3/src/node.h:256:1: note:   candidate expects 4 arguments, 5 provided
In file included from ../ext/bson.h:17:0,
                 from ../ext/bson.cc:35:
../node_modules/nan/nan.h: In member function ‘v8::Local<v8::Object> NanAsyncWorker::GetFromPersistent(const char*)’:
../node_modules/nan/nan.h:683:30: error: ‘EscapableHandleScope’ is not a member of ‘v8’
 # define NanEscapableScope() v8::EscapableHandleScope scope(nan_isolate)
                              ^
../node_modules/nan/nan.h:1536:5: note: in expansion of macro ‘NanEscapableScope’
     NanEscapableScope();
     ^
../node_modules/nan/nan.h:683:55: error: expected ‘;’ before ‘scope’
 # define NanEscapableScope() v8::EscapableHandleScope scope(nan_isolate)
                                                       ^
../node_modules/nan/nan.h:1536:5: note: in expansion of macro ‘NanEscapableScope’
     NanEscapableScope();
     ^
../node_modules/nan/nan.h:684:30: error: ‘scope’ was not declared in this scope
 # define NanEscapeScope(val) scope.Escape(val)
                              ^
../node_modules/nan/nan.h:1538:12: note: in expansion of macro ‘NanEscapeScope’
     return NanEscapeScope(handle->Get(NanSymbol(key)).As<v8::Object>());
            ^
../ext/bson.cc: In static member function ‘static void BSON::Initialize(v8::Handle<v8::Object>)’:
../ext/bson.cc:644:73: error: no matching function for call to ‘SetPrototypeMethod(v8::Local<v8::FunctionTemplate>&, const char [20], void (&)(const v8::FunctionCallbackInfo<v8::Value>&))’
  NODE_SET_PROTOTYPE_METHOD(t, "calculateObjectSize", CalculateObjectSize);
                                                                         ^
../ext/bson.cc:644:73: note: candidate is:
In file included from ../ext/bson.cc:22:0:
/home/mjzitek/.node-gyp/0.11.3/src/node.h:121:6: note: template<class target_t> void node::SetPrototypeMethod(target_t, const char*, v8::InvocationCallback)
 void SetPrototypeMethod(target_t target,
      ^
/home/mjzitek/.node-gyp/0.11.3/src/node.h:121:6: note:   template argument deduction/substitution failed:
../ext/bson.cc:644:73: note:   cannot convert ‘BSON::CalculateObjectSize’ (type ‘void(const v8::FunctionCallbackInfo<v8::Value>&)’) to type ‘v8::InvocationCallback {aka v8::Handle<v8::Value> (*)(const v8::Arguments&)}’
  NODE_SET_PROTOTYPE_METHOD(t, "calculateObjectSize", CalculateObjectSize);
                                                                         ^
../ext/bson.cc:645:57: error: no matching function for call to ‘SetPrototypeMethod(v8::Local<v8::FunctionTemplate>&, const char [10], void (&)(const v8::FunctionCallbackInfo<v8::Value>&))’
  NODE_SET_PROTOTYPE_METHOD(t, "serialize", BSONSerialize);
                                                         ^
../ext/bson.cc:645:57: note: candidate is:
In file included from ../ext/bson.cc:22:0:
/home/mjzitek/.node-gyp/0.11.3/src/node.h:121:6: note: template<class target_t> void node::SetPrototypeMethod(target_t, const char*, v8::InvocationCallback)
 void SetPrototypeMethod(target_t target,
      ^
/home/mjzitek/.node-gyp/0.11.3/src/node.h:121:6: note:   template argument deduction/substitution failed:
../ext/bson.cc:645:57: note:   cannot convert ‘BSON::BSONSerialize’ (type ‘void(const v8::FunctionCallbackInfo<v8::Value>&)’) to type ‘v8::InvocationCallback {aka v8::Handle<v8::Value> (*)(const v8::Arguments&)}’
  NODE_SET_PROTOTYPE_METHOD(t, "serialize", BSONSerialize);
                                                         ^
../ext/bson.cc:646:89: error: no matching function for call to ‘SetPrototypeMethod(v8::Local<v8::FunctionTemplate>&, const char [28], void (&)(const v8::FunctionCallbackInfo<v8::Value>&))’
  NODE_SET_PROTOTYPE_METHOD(t, "serializeWithBufferAndIndex", SerializeWithBufferAndIndex);
                                                                                         ^
../ext/bson.cc:646:89: note: candidate is:
In file included from ../ext/bson.cc:22:0:
/home/mjzitek/.node-gyp/0.11.3/src/node.h:121:6: note: template<class target_t> void node::SetPrototypeMethod(target_t, const char*, v8::InvocationCallback)
 void SetPrototypeMethod(target_t target,
      ^
/home/mjzitek/.node-gyp/0.11.3/src/node.h:121:6: note:   template argument deduction/substitution failed:
../ext/bson.cc:646:89: note:   cannot convert ‘BSON::SerializeWithBufferAndIndex’ (type ‘void(const v8::FunctionCallbackInfo<v8::Value>&)’) to type ‘v8::InvocationCallback {aka v8::Handle<v8::Value> (*)(const v8::Arguments&)}’
  NODE_SET_PROTOTYPE_METHOD(t, "serializeWithBufferAndIndex", SerializeWithBufferAndIndex);
                                                                                         ^
../ext/bson.cc:647:61: error: no matching function for call to ‘SetPrototypeMethod(v8::Local<v8::FunctionTemplate>&, const char [12], void (&)(const v8::FunctionCallbackInfo<v8::Value>&))’
  NODE_SET_PROTOTYPE_METHOD(t, "deserialize", BSONDeserialize);
                                                             ^
../ext/bson.cc:647:61: note: candidate is:
In file included from ../ext/bson.cc:22:0:
/home/mjzitek/.node-gyp/0.11.3/src/node.h:121:6: note: template<class target_t> void node::SetPrototypeMethod(target_t, const char*, v8::InvocationCallback)
 void SetPrototypeMethod(target_t target,
      ^
/home/mjzitek/.node-gyp/0.11.3/src/node.h:121:6: note:   template argument deduction/substitution failed:
../ext/bson.cc:647:61: note:   cannot convert ‘BSON::BSONDeserialize’ (type ‘void(const v8::FunctionCallbackInfo<v8::Value>&)’) to type ‘v8::InvocationCallback {aka v8::Handle<v8::Value> (*)(const v8::Arguments&)}’
  NODE_SET_PROTOTYPE_METHOD(t, "deserialize", BSONDeserialize);
                                                             ^
../ext/bson.cc:648:73: error: no matching function for call to ‘SetPrototypeMethod(v8::Local<v8::FunctionTemplate>&, const char [18], void (&)(const v8::FunctionCallbackInfo<v8::Value>&))’
  NODE_SET_PROTOTYPE_METHOD(t, "deserializeStream", BSONDeserializeStream);
                                                                         ^
../ext/bson.cc:648:73: note: candidate is:
In file included from ../ext/bson.cc:22:0:
/home/mjzitek/.node-gyp/0.11.3/src/node.h:121:6: note: template<class target_t> void node::SetPrototypeMethod(target_t, const char*, v8::InvocationCallback)
 void SetPrototypeMethod(target_t target,
      ^
/home/mjzitek/.node-gyp/0.11.3/src/node.h:121:6: note:   template argument deduction/substitution failed:
../ext/bson.cc:648:73: note:   cannot convert ‘BSON::BSONDeserializeStream’ (type ‘void(const v8::FunctionCallbackInfo<v8::Value>&)’) to type ‘v8::InvocationCallback {aka v8::Handle<v8::Value> (*)(const v8::Arguments&)}’
  NODE_SET_PROTOTYPE_METHOD(t, "deserializeStream", BSONDeserializeStream);
                                                                         ^
In file included from ../ext/bson.h:17:0,
                 from ../ext/bson.cc:35:
../node_modules/nan/nan.h: In instantiation of ‘v8::Local<T> NanNew(P) [with T = v8::Integer; P = int]’:
../node_modules/nan/nan.h:731:64:   required from here
../node_modules/nan/nan.h:329:36: error: invalid conversion from ‘v8::Isolate*’ to ‘int32_t {aka int}’ [-fpermissive]
     return T::New(nan_isolate, arg1);
                                    ^
In file included from ../ext/bson.cc:14:0:
/home/mjzitek/.node-gyp/0.11.3/deps/v8/include/v8.h:1942:25: error:   initializing argument 1 of ‘static v8::Local<v8::Integer> v8::Integer::New(int32_t, v8::Isolate*)’ [-fpermissive]
   static Local<Integer> New(int32_t value, Isolate*);
                         ^
In file included from ../ext/bson.h:17:0,
                 from ../ext/bson.cc:35:
../node_modules/nan/nan.h:329:36: error: invalid conversion from ‘int’ to ‘v8::Isolate*’ [-fpermissive]
     return T::New(nan_isolate, arg1);
                                    ^
In file included from ../ext/bson.cc:14:0:
/home/mjzitek/.node-gyp/0.11.3/deps/v8/include/v8.h:1942:25: error:   initializing argument 2 of ‘static v8::Local<v8::Integer> v8::Integer::New(int32_t, v8::Isolate*)’ [-fpermissive]
   static Local<Integer> New(int32_t value, Isolate*);
                         ^
In file included from ../ext/bson.h:17:0,
                 from ../ext/bson.cc:35:
../node_modules/nan/nan.h: In instantiation of ‘v8::Local<T> NanNew() [with T = v8::Object]’:
../node_modules/nan/nan.h:1439:52:   required from here
../node_modules/nan/nan.h:324:30: error: no matching function for call to ‘v8::Object::New(v8::Isolate*&)’
     return T::New(nan_isolate);
                              ^
../node_modules/nan/nan.h:324:30: note: candidate is:
In file included from ../ext/bson.cc:14:0:
/home/mjzitek/.node-gyp/0.11.3/deps/v8/include/v8.h:2297:24: note: static v8::Local<v8::Object> v8::Object::New()
   static Local<Object> New();
                        ^
/home/mjzitek/.node-gyp/0.11.3/deps/v8/include/v8.h:2297:24: note:   candidate expects 0 arguments, 1 provided
In file included from ../ext/bson.h:17:0,
                 from ../ext/bson.cc:35:
../node_modules/nan/nan.h: In instantiation of ‘void NanDisposePersistent(v8::Persistent<T>&) [with T = v8::Object]’:
../node_modules/nan/nan.h:1452:32:   required from here
../node_modules/nan/nan.h:761:5: error: no matching function for call to ‘v8::Persistent<v8::Object>::Reset()’
     handle.Reset();
     ^
../node_modules/nan/nan.h:761:5: note: candidate is:
In file included from ../ext/bson.cc:14:0:
/home/mjzitek/.node-gyp/0.11.3/deps/v8/include/v8.h:5627:6: note: void v8::Persistent<T>::Reset(v8::Isolate*, const v8::Handle<T>&) [with T = v8::Object]
 void Persistent<T>::Reset(Isolate* isolate, const Handle<T>& other) {
      ^
/home/mjzitek/.node-gyp/0.11.3/deps/v8/include/v8.h:5627:6: note:   candidate expects 2 arguments, 0 provided
In file included from ../ext/bson.h:17:0,
                 from ../ext/bson.cc:35:
../node_modules/nan/nan.h: In instantiation of ‘v8::Local<v8::FunctionTemplate> NanNew(NanFunctionCallback, v8::Handle<v8::Value>, v8::Handle<v8::Signature>) [with T = v8::FunctionTemplate; NanFunctionCallback = void (*)(const v8::FunctionCallbackInfo<v8::Value>&)]’:
../ext/bson.cc:639:58:   required from here
../node_modules/nan/nan.h:345:57: error: no matching function for call to ‘v8::FunctionTemplate::New(v8::Isolate*&, void (*&)(const v8::FunctionCallbackInfo<v8::Value>&), v8::Handle<v8::Value>&, v8::Handle<v8::Signature>&)’
     return T::New(nan_isolate, callback, data, signature);
                                                         ^
../node_modules/nan/nan.h:345:57: note: candidates are:
In file included from ../ext/bson.cc:14:0:
/home/mjzitek/.node-gyp/0.11.3/deps/v8/include/v8.h:3224:34: note: static v8::Local<v8::FunctionTemplate> v8::FunctionTemplate::New(v8::InvocationCallback, v8::Handle<v8::Value>, v8::Handle<v8::Signature>, int)
   static Local<FunctionTemplate> New(
                                  ^
/home/mjzitek/.node-gyp/0.11.3/deps/v8/include/v8.h:3224:34: note:   no known conversion for argument 1 from ‘v8::Isolate*’ to ‘v8::InvocationCallback {aka v8::Handle<v8::Value> (*)(const v8::Arguments&)}’
/home/mjzitek/.node-gyp/0.11.3/deps/v8/include/v8.h:3229:34: note: static v8::Local<v8::FunctionTemplate> v8::FunctionTemplate::New(v8::FunctionCallback, v8::Handle<v8::Value>, v8::Handle<v8::Signature>, int)
   static Local<FunctionTemplate> New(
                                  ^
/home/mjzitek/.node-gyp/0.11.3/deps/v8/include/v8.h:3229:34: note:   no known conversion for argument 1 from ‘v8::Isolate*’ to ‘v8::FunctionCallback {aka void (*)(const v8::FunctionCallbackInfo<v8::Value>&)}’
In file included from ../ext/bson.h:17:0,
                 from ../ext/bson.cc:35:
../node_modules/nan/nan.h: In function ‘v8::Local<T> NanNew() [with T = v8::Object]’:
../node_modules/nan/nan.h:325:3: warning: control reaches end of non-void function [-Wreturn-type]
   }
   ^
../node_modules/nan/nan.h: In function ‘v8::Local<v8::Object> NanNewBufferHandle(const char*, uint32_t)’:
../node_modules/nan/nan.h:778:3: warning: control reaches end of non-void function [-Wreturn-type]
   }
   ^
../node_modules/nan/nan.h: In function ‘v8::Local<T> NanNew(P) [with T = v8::Date; P = double]’:
../node_modules/nan/nan.h:376:3: warning: control reaches end of non-void function [-Wreturn-type]
   }
   ^
../node_modules/nan/nan.h: In function ‘v8::Local<v8::FunctionTemplate> NanNew(NanFunctionCallback, v8::Handle<v8::Value>, v8::Handle<v8::Signature>) [with T = v8::FunctionTemplate; NanFunctionCallback = void (*)(const v8::FunctionCallbackInfo<v8::Value>&)]’:
../node_modules/nan/nan.h:346:3: warning: control reaches end of non-void function [-Wreturn-type]
   }
   ^
make: *** [Release/obj.target/bson/ext/bson.o] Error 1
gyp ERR! build error 
gyp ERR! stack Error: `make` failed with exit code: 2
gyp ERR! stack     at ChildProcess.onExit (/usr/local/lib/node_modules/npm/node_modules/node-gyp/lib/build.js:267:23)
gyp ERR! stack     at ChildProcess.EventEmitter.emit (events.js:103:17)
gyp ERR! stack     at Process.ChildProcess._handle.onexit (child_process.js:789:12)
gyp ERR! System Linux 3.11.0-12-generic
gyp ERR! command "node" "/usr/local/lib/node_modules/npm/node_modules/node-gyp/bin/node-gyp.js" "rebuild"
gyp ERR! cwd /usr/share/code/javascript/the-village/persons/node_modules/mongoose/node_modules/mongodb/node_modules/bson
gyp ERR! node -v v0.11.3
gyp ERR! node-gyp -v v0.9.6
gyp ERR! not ok 
